********************************************************************************
DUPLICATOR-LITE PACKAGE-LOG: August 20, 2021 1:36 am
NOTICE: Do NOT post to public sites or forums 
********************************************************************************
VERSION:	1.4.2
WORDPRESS:	5.8
PHP INFO:	7.4.20 | SAPI: fpm-fcgi
SERVER:		nginx/1.19.10 
PHP TIME LIMIT: (0) no time limit imposed 
PHP MAX MEMORY: 4294967296 (512M default) 
MEMORY STACK: 10MB

********************************************************************************
DATABASE:
********************************************************************************
BUILD MODE:   MYSQLDUMP
MYSQLTIMEOUT: 5000
MYSQLDUMP:    Is Supported
SQL CREATED: 20210820_watch_b2a684afadcbe2b81224_20210820013624_database.sql
SQL FILE SIZE: 3.43MB (3601150)
SQL FILE TIME: 2021-08-20 01:36:27
SQL RUNTIME: 0.33 sec.

********************************************************************************
ARCHIVE (ZIP):
********************************************************************************
ARCHIVE DIR:  /Users/quanbka/watch
ARCHIVE FILE: 20210820_watch_b2a684afadcbe2b81224_20210820013624_archive.zip
FILTERS: *OFF*
DIRS:
	not set
FILES:
	not set
EXTS:  not set
----------------------------------------
COMPRESSING
SIZE:	0B
STATS:	Dirs 0 | Files 0
SQL ADDED: 20210820_watch_b2a684afadcbe2b81224_20210820013624_database.sql
ZipArchive Object
(
    [status] => 0
    [statusSys] => 0
    [numFiles] => 1
    [filename] => /Users/quanbka/watch/wp-content/backups-dup-lite/tmp/20210820_watch_b2a684afadcbe2b81224_20210820013624_archive.zip
    [comment] => 
)

FILE ADDED TO ZIP: 0
COMPRESSION RESULT: '1'
COMPRESSED SIZE: 482.5KB
ARCHIVE RUNTIME: 0.22 sec.
MEMORY STACK: 10MB
building installer
add_extra_files1
add_extra_files2
add_extra_files3
add_extra_files4
Doing archive file check
add_extra_files5
add_extra_files6
add_extra_files8
Successfully opened zip /Users/quanbka/watch/wp-content/backups-dup-lite/tmp/20210820_watch_b2a684afadcbe2b81224_20210820013624_archive.zip
Adding enhanced installer files to archive using ZipArchive
Installer files added to archive
Added to archive
After ziparchive close when adding installer

********************************************************************************
INTEGRITY CHECKS:
********************************************************************************
SQL FILE: 3.43MB
INSTALLER FILE: 64.25KB
ARCHIVE FILE: 1.81MB 
EXPECTED FILE/DIRECTORY COUNT: 0
ACTUAL FILE/DIRECTORY COUNT: 0
ARCHIVE CONSISTENCY TEST: Pass

********************************************************************************
RECORD ID:[1]
TOTAL PROCESS RUNTIME: 0.92 sec.
PEAK PHP MEMORY USED: 14MB
DONE PROCESSING => 20210820_watch August 20, 2021 1:36 am

